<?xml version="1.0" encoding="UTF-8"?>
<!-- Generated by org.testng.reporters.JUnitReportReporter -->
<testsuite hostname="Sinchana_21" failures="0" tests="2" name="swagLabs_framework.SwagLabBaseClassInhertingTest" time="9.515" errors="0" timestamp="2026-08-04T13:57:56 IST" skipped="0">
  <testcase classname="swagLabs_framework.SwagLabBaseClassInhertingTest" name="swagLabTest" time="3.312"/>
  <testcase classname="swagLabs_framework.SwagLabBaseClassInhertingTest" name="swagLabTest" time="6.203"/>
  <system-out>
    <![CDATA[Report configuration
Launch Browser -> beforemethod
Report configuration
Launch Browser -> beforemethod
login to app -> beforemethod
login to app -> beforemethod
Close Browser -> beforemethod
Close Browser -> beforemethod]]>
  </system-out>
</testsuite> <!-- swagLabs_framework.SwagLabBaseClassInhertingTest -->
