<?xml version="1.0" encoding="UTF-8"?>
<testng-results ignored="0" total="2" passed="2" failed="0" skipped="0">
  <reporter-output>
    <line>
      <![CDATA[Report configuration]]>
    </line>
    <line>
      <![CDATA[Launch Browser -> beforemethod]]>
    </line>
    <line>
      <![CDATA[Report configuration]]>
    </line>
    <line>
      <![CDATA[Launch Browser -> beforemethod]]>
    </line>
    <line>
      <![CDATA[login to app -> beforemethod]]>
    </line>
    <line>
      <![CDATA[login to app -> beforemethod]]>
    </line>
    <line>
      <![CDATA[Close Browser -> beforemethod]]>
    </line>
    <line>
      <![CDATA[Close Browser -> beforemethod]]>
    </line>
  </reporter-output>
  <suite started-at="2026-08-03T16:35:25 IST" name="Suite" finished-at="2026-08-03T16:35:35 IST" duration-ms="10247">
    <groups>
    </groups>
    <test started-at="2026-08-03T16:35:25 IST" name="Chrome" finished-at="2026-08-03T16:35:34 IST" duration-ms="8978">
      <class name="swagLabs_framework.SwagLabBaseClassInhertingTest">
        <test-method is-config="true" signature="beforClassLaunchB(java.lang.String)[pri:0, instance:swagLabs_framework.SwagLabBaseClassInhertingTest@1283bb96]" started-at="2026-08-03T16:35:25 IST" name="beforClassLaunchB" finished-at="2026-08-03T16:35:27 IST" duration-ms="1801" status="PASS">
          <params>
            <param index="0">
              <value>
                <![CDATA[chrome]]>
              </value>
            </param>
          </params>
          <reporter-output>
            <line>
              <![CDATA[Launch Browser -> beforemethod]]>
            </line>
          </reporter-output>
        </test-method> <!-- beforClassLaunchB -->
        <test-method is-config="true" signature="beforeMethodLoginApp()[pri:0, instance:swagLabs_framework.SwagLabBaseClassInhertingTest@1283bb96]" started-at="2026-08-03T16:35:27 IST" name="beforeMethodLoginApp" finished-at="2026-08-03T16:35:28 IST" duration-ms="1312" status="PASS">
          <reporter-output>
            <line>
              <![CDATA[login to app -> beforemethod]]>
            </line>
          </reporter-output>
        </test-method> <!-- beforeMethodLoginApp -->
        <test-method signature="swagLabTest()[pri:0, instance:swagLabs_framework.SwagLabBaseClassInhertingTest@1283bb96]" started-at="2026-08-03T16:35:28 IST" name="swagLabTest" finished-at="2026-08-03T16:35:33 IST" duration-ms="4755" status="PASS">
          <reporter-output>
          </reporter-output>
        </test-method> <!-- swagLabTest -->
        <test-method is-config="true" signature="afterMethodLogoutApp()[pri:0, instance:swagLabs_framework.SwagLabBaseClassInhertingTest@1283bb96]" started-at="2026-08-03T16:35:33 IST" name="afterMethodLogoutApp" finished-at="2026-08-03T16:35:34 IST" duration-ms="813" status="PASS">
          <reporter-output>
          </reporter-output>
        </test-method> <!-- afterMethodLogoutApp -->
        <test-method is-config="true" signature="afterClassCloseB()[pri:0, instance:swagLabs_framework.SwagLabBaseClassInhertingTest@1283bb96]" started-at="2026-08-03T16:35:34 IST" name="afterClassCloseB" finished-at="2026-08-03T16:35:34 IST" duration-ms="233" status="PASS">
          <reporter-output>
            <line>
              <![CDATA[Close Browser -> beforemethod]]>
            </line>
          </reporter-output>
        </test-method> <!-- afterClassCloseB -->
      </class> <!-- swagLabs_framework.SwagLabBaseClassInhertingTest -->
    </test> <!-- Chrome -->
    <test started-at="2026-08-03T16:35:25 IST" name="FireFox" finished-at="2026-08-03T16:35:35 IST" duration-ms="10247">
      <class name="swagLabs_framework.SwagLabBaseClassInhertingTest">
        <test-method is-config="true" signature="beforClassLaunchB(java.lang.String)[pri:0, instance:swagLabs_framework.SwagLabBaseClassInhertingTest@9f116cc]" started-at="2026-08-03T16:35:25 IST" name="beforClassLaunchB" finished-at="2026-08-03T16:35:31 IST" duration-ms="5738" status="PASS">
          <params>
            <param index="0">
              <value>
                <![CDATA[firefox]]>
              </value>
            </param>
          </params>
          <reporter-output>
            <line>
              <![CDATA[Launch Browser -> beforemethod]]>
            </line>
          </reporter-output>
        </test-method> <!-- beforClassLaunchB -->
        <test-method is-config="true" signature="beforeMethodLoginApp()[pri:0, instance:swagLabs_framework.SwagLabBaseClassInhertingTest@9f116cc]" started-at="2026-08-03T16:35:31 IST" name="beforeMethodLoginApp" finished-at="2026-08-03T16:35:33 IST" duration-ms="2036" status="PASS">
          <reporter-output>
            <line>
              <![CDATA[login to app -> beforemethod]]>
            </line>
          </reporter-output>
        </test-method> <!-- beforeMethodLoginApp -->
        <test-method signature="swagLabTest()[pri:0, instance:swagLabs_framework.SwagLabBaseClassInhertingTest@9f116cc]" started-at="2026-08-03T16:35:33 IST" name="swagLabTest" finished-at="2026-08-03T16:35:34 IST" duration-ms="1515" status="PASS">
          <reporter-output>
          </reporter-output>
        </test-method> <!-- swagLabTest -->
        <test-method is-config="true" signature="afterMethodLogoutApp()[pri:0, instance:swagLabs_framework.SwagLabBaseClassInhertingTest@9f116cc]" started-at="2026-08-03T16:35:34 IST" name="afterMethodLogoutApp" finished-at="2026-08-03T16:35:34 IST" duration-ms="135" status="PASS">
          <reporter-output>
          </reporter-output>
        </test-method> <!-- afterMethodLogoutApp -->
        <test-method is-config="true" signature="afterClassCloseB()[pri:0, instance:swagLabs_framework.SwagLabBaseClassInhertingTest@9f116cc]" started-at="2026-08-03T16:35:34 IST" name="afterClassCloseB" finished-at="2026-08-03T16:35:35 IST" duration-ms="778" status="PASS">
          <reporter-output>
            <line>
              <![CDATA[Close Browser -> beforemethod]]>
            </line>
          </reporter-output>
        </test-method> <!-- afterClassCloseB -->
      </class> <!-- swagLabs_framework.SwagLabBaseClassInhertingTest -->
    </test> <!-- FireFox -->
  </suite> <!-- Suite -->
</testng-results>
