<?xml version="1.0" encoding="UTF-8"?>
<testng-results ignored="0" total="2" passed="2" failed="0" skipped="0">
  <reporter-output>
    <line>
      <![CDATA[Report configuration]]>
    </line>
    <line>
      <![CDATA[Launch Browser -> beforemethod]]>
    </line>
    <line>
      <![CDATA[Report configuration]]>
    </line>
    <line>
      <![CDATA[Launch Browser -> beforemethod]]>
    </line>
    <line>
      <![CDATA[login to app -> beforemethod]]>
    </line>
    <line>
      <![CDATA[login to app -> beforemethod]]>
    </line>
    <line>
      <![CDATA[Close Browser -> beforemethod]]>
    </line>
    <line>
      <![CDATA[Close Browser -> beforemethod]]>
    </line>
  </reporter-output>
  <suite started-at="2026-08-04T13:57:22 IST" name="Suite" finished-at="2026-08-04T13:57:56 IST" duration-ms="33480">
    <groups>
    </groups>
    <test started-at="2026-08-04T13:57:22 IST" name="Chrome" finished-at="2026-08-04T13:57:55 IST" duration-ms="32752">
      <class name="swagLabs_framework.SwagLabBaseClassInhertingTest">
        <test-method is-config="true" signature="beforClassLaunchB(java.lang.String)[pri:0, instance:swagLabs_framework.SwagLabBaseClassInhertingTest@4d5d943d]" started-at="2026-08-04T13:57:22 IST" name="beforClassLaunchB" finished-at="2026-08-04T13:57:49 IST" duration-ms="26198" status="PASS">
          <params>
            <param index="0">
              <value>
                <![CDATA[chrome]]>
              </value>
            </param>
          </params>
          <reporter-output>
            <line>
              <![CDATA[Launch Browser -> beforemethod]]>
            </line>
          </reporter-output>
        </test-method> <!-- beforClassLaunchB -->
        <test-method is-config="true" signature="beforeMethodLoginApp()[pri:0, instance:swagLabs_framework.SwagLabBaseClassInhertingTest@4d5d943d]" started-at="2026-08-04T13:57:49 IST" name="beforeMethodLoginApp" finished-at="2026-08-04T13:57:50 IST" duration-ms="1159" status="PASS">
          <reporter-output>
            <line>
              <![CDATA[login to app -> beforemethod]]>
            </line>
          </reporter-output>
        </test-method> <!-- beforeMethodLoginApp -->
        <test-method signature="swagLabTest()[pri:0, instance:swagLabs_framework.SwagLabBaseClassInhertingTest@4d5d943d]" started-at="2026-08-04T13:57:50 IST" name="swagLabTest" finished-at="2026-08-04T13:57:54 IST" duration-ms="4299" status="PASS">
          <reporter-output>
          </reporter-output>
        </test-method> <!-- swagLabTest -->
        <test-method is-config="true" signature="afterMethodLogoutApp()[pri:0, instance:swagLabs_framework.SwagLabBaseClassInhertingTest@4d5d943d]" started-at="2026-08-04T13:57:54 IST" name="afterMethodLogoutApp" finished-at="2026-08-04T13:57:55 IST" duration-ms="745" status="PASS">
          <reporter-output>
          </reporter-output>
        </test-method> <!-- afterMethodLogoutApp -->
        <test-method is-config="true" signature="afterClassCloseB()[pri:0, instance:swagLabs_framework.SwagLabBaseClassInhertingTest@4d5d943d]" started-at="2026-08-04T13:57:55 IST" name="afterClassCloseB" finished-at="2026-08-04T13:57:55 IST" duration-ms="270" status="PASS">
          <reporter-output>
            <line>
              <![CDATA[Close Browser -> beforemethod]]>
            </line>
          </reporter-output>
        </test-method> <!-- afterClassCloseB -->
      </class> <!-- swagLabs_framework.SwagLabBaseClassInhertingTest -->
    </test> <!-- Chrome -->
    <test started-at="2026-08-04T13:57:22 IST" name="FireFox" finished-at="2026-08-04T13:57:56 IST" duration-ms="33480">
      <class name="swagLabs_framework.SwagLabBaseClassInhertingTest">
        <test-method is-config="true" signature="beforClassLaunchB(java.lang.String)[pri:0, instance:swagLabs_framework.SwagLabBaseClassInhertingTest@1189dd52]" started-at="2026-08-04T13:57:22 IST" name="beforClassLaunchB" finished-at="2026-08-04T13:57:52 IST" duration-ms="29392" status="PASS">
          <params>
            <param index="0">
              <value>
                <![CDATA[firefox]]>
              </value>
            </param>
          </params>
          <reporter-output>
            <line>
              <![CDATA[Launch Browser -> beforemethod]]>
            </line>
          </reporter-output>
        </test-method> <!-- beforClassLaunchB -->
        <test-method is-config="true" signature="beforeMethodLoginApp()[pri:0, instance:swagLabs_framework.SwagLabBaseClassInhertingTest@1189dd52]" started-at="2026-08-04T13:57:52 IST" name="beforeMethodLoginApp" finished-at="2026-08-04T13:57:53 IST" duration-ms="1718" status="PASS">
          <reporter-output>
            <line>
              <![CDATA[login to app -> beforemethod]]>
            </line>
          </reporter-output>
        </test-method> <!-- beforeMethodLoginApp -->
        <test-method signature="swagLabTest()[pri:0, instance:swagLabs_framework.SwagLabBaseClassInhertingTest@1189dd52]" started-at="2026-08-04T13:57:53 IST" name="swagLabTest" finished-at="2026-08-04T13:57:55 IST" duration-ms="1445" status="PASS">
          <reporter-output>
          </reporter-output>
        </test-method> <!-- swagLabTest -->
        <test-method is-config="true" signature="afterMethodLogoutApp()[pri:0, instance:swagLabs_framework.SwagLabBaseClassInhertingTest@1189dd52]" started-at="2026-08-04T13:57:55 IST" name="afterMethodLogoutApp" finished-at="2026-08-04T13:57:55 IST" duration-ms="149" status="PASS">
          <reporter-output>
          </reporter-output>
        </test-method> <!-- afterMethodLogoutApp -->
        <test-method is-config="true" signature="afterClassCloseB()[pri:0, instance:swagLabs_framework.SwagLabBaseClassInhertingTest@1189dd52]" started-at="2026-08-04T13:57:55 IST" name="afterClassCloseB" finished-at="2026-08-04T13:57:56 IST" duration-ms="728" status="PASS">
          <reporter-output>
            <line>
              <![CDATA[Close Browser -> beforemethod]]>
            </line>
          </reporter-output>
        </test-method> <!-- afterClassCloseB -->
      </class> <!-- swagLabs_framework.SwagLabBaseClassInhertingTest -->
    </test> <!-- FireFox -->
  </suite> <!-- Suite -->
</testng-results>
