<?xml version="1.0" encoding="UTF-8"?>
<testng-results ignored="0" total="1" passed="1" failed="0" skipped="0">
  <reporter-output>
    <line>
      <![CDATA[Report configuration]]>
    </line>
    <line>
      <![CDATA[Launch Browser -> beforemethod]]>
    </line>
    <line>
      <![CDATA[login to app -> beforemethod]]>
    </line>
    <line>
      <![CDATA[Close Browser -> beforemethod]]>
    </line>
  </reporter-output>
  <suite started-at="2026-08-06T15:53:55 IST" name="Default suite" finished-at="2026-08-06T15:54:01 IST" duration-ms="6642">
    <groups>
    </groups>
    <test started-at="2026-08-06T15:53:55 IST" name="Default test" finished-at="2026-08-06T15:54:01 IST" duration-ms="6642">
      <class name="swagLabs_framework.SwagLabAssertionBaseClassInhertingforTest">
        <test-method is-config="true" signature="beforClassLaunchB(java.lang.String)[pri:0, instance:swagLabs_framework.SwagLabAssertionBaseClassInhertingforTest@36bc55de]" started-at="2026-08-06T15:53:55 IST" name="beforClassLaunchB" finished-at="2026-08-06T15:53:57 IST" duration-ms="1792" status="PASS">
          <params>
            <param index="0">
              <value>
                <![CDATA[chrome]]>
              </value>
            </param>
          </params>
          <reporter-output>
            <line>
              <![CDATA[Launch Browser -> beforemethod]]>
            </line>
          </reporter-output>
        </test-method> <!-- beforClassLaunchB -->
        <test-method is-config="true" signature="beforeMethodLoginApp()[pri:0, instance:swagLabs_framework.SwagLabAssertionBaseClassInhertingforTest@36bc55de]" started-at="2026-08-06T15:53:57 IST" name="beforeMethodLoginApp" finished-at="2026-08-06T15:53:58 IST" duration-ms="965" status="PASS">
          <reporter-output>
            <line>
              <![CDATA[login to app -> beforemethod]]>
            </line>
          </reporter-output>
        </test-method> <!-- beforeMethodLoginApp -->
        <test-method signature="swagLabTest()[pri:0, instance:swagLabs_framework.SwagLabAssertionBaseClassInhertingforTest@36bc55de]" started-at="2026-08-06T15:53:58 IST" name="swagLabTest" finished-at="2026-08-06T15:54:00 IST" duration-ms="2844" status="PASS">
          <reporter-output>
          </reporter-output>
        </test-method> <!-- swagLabTest -->
        <test-method is-config="true" signature="afterMethodLogoutApp()[pri:0, instance:swagLabs_framework.SwagLabAssertionBaseClassInhertingforTest@36bc55de]" started-at="2026-08-06T15:54:00 IST" name="afterMethodLogoutApp" finished-at="2026-08-06T15:54:01 IST" duration-ms="680" status="PASS">
          <reporter-output>
          </reporter-output>
        </test-method> <!-- afterMethodLogoutApp -->
        <test-method is-config="true" signature="afterClassCloseB()[pri:0, instance:swagLabs_framework.SwagLabAssertionBaseClassInhertingforTest@36bc55de]" started-at="2026-08-06T15:54:01 IST" name="afterClassCloseB" finished-at="2026-08-06T15:54:01 IST" duration-ms="292" status="PASS">
          <reporter-output>
            <line>
              <![CDATA[Close Browser -> beforemethod]]>
            </line>
          </reporter-output>
        </test-method> <!-- afterClassCloseB -->
      </class> <!-- swagLabs_framework.SwagLabAssertionBaseClassInhertingforTest -->
    </test> <!-- Default test -->
  </suite> <!-- Default suite -->
</testng-results>
