<?xml version="1.0" encoding="UTF-8"?>
<!-- Generated by org.testng.reporters.JUnitReportReporter -->
<testsuite hostname="Sinchana_21" failures="0" tests="1" name="swagLabs_framework.SwagLabBaseClassInhertingforAssertionTest" time="4.268" errors="0" timestamp="2026-08-01T13:00:42 IST" skipped="0">
  <testcase classname="swagLabs_framework.SwagLabBaseClassInhertingforAssertionTest" name="swagLabTest" time="4.268"/>
  <system-out>
    <![CDATA[Launch Browser -> beforemethod
login to app -> beforemethod
Close Browser -> beforemethod]]>
  </system-out>
</testsuite> <!-- swagLabs_framework.SwagLabBaseClassInhertingforAssertionTest -->
