<?xml version="1.0" encoding="UTF-8"?>
<!-- Generated by org.testng.reporters.JUnitReportReporter -->
<testsuite hostname="Sinchana_21" failures="0" tests="1" name="swagLabs_framework.SwagLabAssertionBaseClassInhertingforTest" time="3.048" errors="0" timestamp="2026-08-03T15:52:26 IST" skipped="0">
  <testcase classname="swagLabs_framework.SwagLabAssertionBaseClassInhertingforTest" name="swagLabTest" time="3.048"/>
  <system-out>
    <![CDATA[Report configuration
Launch Browser -> beforemethod
Report configuration
Launch Browser -> beforemethod
login to app -> beforemethod
login to app -> beforemethod
======swagLabTest ============FAILURE====
======swagLabTest ============FAILURE====
Close Browser -> beforemethod
Close Browser -> beforemethod
Launch Browser -> beforemethod
login to app -> beforemethod
Close Browser -> beforemethod]]>
  </system-out>
</testsuite> <!-- swagLabs_framework.SwagLabAssertionBaseClassInhertingforTest -->
