<?xml version="1.0" encoding="UTF-8"?>
<!-- Generated by org.testng.reporters.JUnitReportReporter -->
<testsuite hostname="Sinchana_21" failures="0" tests="1" name="swagLabs_framework.SwagLabAssertionBaseClassInhertingforTest" time="4.489" errors="0" timestamp="2026-08-06T15:54:02 IST" skipped="0">
  <testcase classname="swagLabs_framework.SwagLabAssertionBaseClassInhertingforTest" name="swagLabTest" time="4.489"/>
  <system-out>
    <![CDATA[Report configuration
Launch Browser -> beforemethod
login to app -> beforemethod
Close Browser -> beforemethod]]>
  </system-out>
</testsuite> <!-- swagLabs_framework.SwagLabAssertionBaseClassInhertingforTest -->
